<?xml version="1.0" encoding="UTF-8"?>
<!-- Generated by org.testng.reporters.JUnitReportReporter -->
<testsuite hostname="DESKTOP-7S7LCUO" failures="2" tests="6" name="parallel.ParallelRun" time="125.687" errors="0" timestamp="2024-04-02T16:23:54 IST" skipped="0">
  <testcase classname="parallel.ParallelRun" name="runScenario" time="21.517"/>
  <testcase classname="parallel.ParallelRun" name="runScenario" time="20.230">
    <failure type="java.lang.AssertionError">
      <![CDATA[java.lang.AssertionError
at org.junit.Assert.fail(Assert.java:87)
at org.junit.Assert.assertTrue(Assert.java:42)
at org.junit.Assert.assertTrue(Assert.java:53)
at parallel.Login.user_should_be_redirected_to_the_dashboard(Login.java:39)
at ✽.user should be redirected to the dashboard "1Test Automation Practice: Working with Login form"(file:///C:/Users/Hustler/eclipse-workspace/CucumberPOM/src/test/resources/parallel/Login.feature:27)
]]>
    </failure>
  </testcase> <!-- runScenario -->
  <testcase classname="parallel.ParallelRun" name="runScenario" time="21.914">
    <failure type="java.lang.AssertionError">
      <![CDATA[java.lang.AssertionError
at org.junit.Assert.fail(Assert.java:87)
at org.junit.Assert.assertTrue(Assert.java:42)
at org.junit.Assert.assertTrue(Assert.java:53)
at parallel.Login.user_should_be_redirected_to_the_dashboard(Login.java:39)
at ✽.user should be redirected to the dashboard "2Test Automation Practice: Working with Secure Page"(file:///C:/Users/Hustler/eclipse-workspace/CucumberPOM/src/test/resources/parallel/Login.feature:21)
]]>
    </failure>
  </testcase> <!-- runScenario -->
  <testcase classname="parallel.ParallelRun" name="runScenario" time="20.529"/>
  <testcase classname="parallel.ParallelRun" name="runScenario" time="20.708"/>
  <testcase classname="parallel.ParallelRun" name="runScenario" time="20.789"/>
</testsuite> <!-- parallel.ParallelRun -->
